\BOOKMARK [0][]{chapter.1}{Introduction}{}% 1
\BOOKMARK [1][]{section.1.1}{Overview}{chapter.1}% 2
\BOOKMARK [1][]{section.1.2}{Software Requirement Specification}{chapter.1}% 3
\BOOKMARK [2][]{subsection.1.2.1}{Functional Requirements}{section.1.2}% 4
\BOOKMARK [2][]{subsection.1.2.2}{Performance Requirement}{section.1.2}% 5
\BOOKMARK [2][]{subsection.1.2.3}{Dependability Requirement}{section.1.2}% 6
\BOOKMARK [2][]{subsection.1.2.4}{Non-functional requirements}{section.1.2}% 7
\BOOKMARK [0][]{chapter.2}{FeasibilityStudy}{}% 8
\BOOKMARK [1][]{section.2.1}{Overview}{chapter.2}% 9
\BOOKMARK [1][]{section.2.2}{The Existing System}{chapter.2}% 10
\BOOKMARK [1][]{section.2.3}{User Requirement Analysis}{chapter.2}% 11
\BOOKMARK [1][]{section.2.4}{Feasibilty Study}{chapter.2}% 12
\BOOKMARK [2][]{subsection.2.4.1}{Tyes of Feasibility Study}{section.2.4}% 13
\BOOKMARK [3][]{subsubsection.2.4.1.1}{Technical Feasibility}{subsection.2.4.1}% 14
\BOOKMARK [3][]{subsubsection.2.4.1.2}{Economic Feasibility}{subsection.2.4.1}% 15
\BOOKMARK [3][]{subsubsection.2.4.1.3}{Behavioral Feasibility}{subsection.2.4.1}% 16
\BOOKMARK [1][]{section.2.5}{Objective of Project }{chapter.2}% 17
\BOOKMARK [1][]{section.2.6}{Significance of Project}{chapter.2}% 18
\BOOKMARK [1][]{section.2.7}{Objectives of the Project}{chapter.2}% 19
\BOOKMARK [0][]{chapter.3}{PLANNING OF WORK}{}% 20
\BOOKMARK [1][]{section.3.1}{Steps of Implementation}{chapter.3}% 21
\BOOKMARK [0][]{chapter.4}{Facilities Required for Proposed Work}{}% 22
\BOOKMARK [1][]{section.4.1}{Software Requirements}{chapter.4}% 23
